2025-06-03 22:26:07 INFO  parcial.Main - Inicio del programa.
2025-06-03 22:26:07 INFO  parcial.dao.DAO - Inicializando la base de datos.
2025-06-03 22:26:07 DEBUG parcial.dao.DAO - La tabla clientes ya existía, no se creará de nuevo.
2025-06-03 22:26:12 DEBUG parcial.dao.DAO - Obteniendo la lista de clientes...
2025-06-03 22:26:12 DEBUG parcial.dao.DAO - Lista de clientes obtenida.
2025-06-03 22:26:44 INFO  parcial.Main - Inicio del programa.
2025-06-03 22:26:44 INFO  parcial.dao.DAO - Inicializando la base de datos.
2025-06-03 22:26:44 DEBUG parcial.dao.DAO - La tabla clientes ya existía, no se creará de nuevo.
2025-06-03 22:26:47 DEBUG parcial.dao.DAO - Obteniendo la lista de clientes...
2025-06-03 22:26:47 DEBUG parcial.dao.DAO - Lista de clientes obtenida.
2025-06-03 22:27:15 INFO  parcial.Main - Inicio del programa.
2025-06-03 22:27:15 INFO  parcial.dao.DAO - Inicializando la base de datos.
2025-06-03 22:27:15 DEBUG parcial.dao.DAO - La tabla clientes ya existía, no se creará de nuevo.
2025-06-03 22:27:17 DEBUG parcial.dao.DAO - Obteniendo la lista de clientes...
2025-06-03 22:27:17 DEBUG parcial.dao.DAO - Lista de clientes obtenida.
2025-06-03 22:27:26 DEBUG parcial.dao.DAO - Obteniendo la lista de clientes...
2025-06-03 22:27:26 DEBUG parcial.dao.DAO - Lista de clientes obtenida.
2025-06-03 22:27:34 INFO  parcial.Main - Inicio del programa.
2025-06-03 22:27:34 INFO  parcial.dao.DAO - Inicializando la base de datos.
2025-06-03 22:27:34 DEBUG parcial.dao.DAO - La tabla clientes ya existía, no se creará de nuevo.
2025-06-03 22:27:37 DEBUG parcial.dao.DAO - Obteniendo la lista de clientes...
2025-06-03 22:27:37 DEBUG parcial.dao.DAO - Lista de clientes obtenida.
2025-06-03 22:27:42 DEBUG parcial.dao.DAO - Obteniendo la lista de clientes...
2025-06-03 22:27:42 DEBUG parcial.dao.DAO - Lista de clientes obtenida.
2025-06-03 22:32:53 INFO  parcial.Main - Inicio del programa.
2025-06-03 22:32:53 INFO  parcial.dao.DAO - Inicializando la base de datos.
2025-06-03 22:32:53 DEBUG parcial.dao.DAO - La tabla clientes ya existía, no se creará de nuevo.
2025-06-03 22:32:55 DEBUG parcial.dao.DAO - Obteniendo la lista de clientes...
2025-06-03 22:32:55 DEBUG parcial.dao.DAO - Lista de clientes obtenida.
2025-06-03 22:33:26 INFO  parcial.Main - Inicio del programa.
2025-06-03 22:33:26 INFO  parcial.dao.DAO - Inicializando la base de datos.
2025-06-03 22:33:26 DEBUG parcial.dao.DAO - La tabla clientes ya existía, no se creará de nuevo.
2025-06-03 22:33:28 DEBUG parcial.dao.DAO - Obteniendo la lista de clientes...
2025-06-03 22:33:28 DEBUG parcial.dao.DAO - Lista de clientes obtenida.
2025-06-03 22:34:25 INFO  parcial.Main - Inicio del programa.
2025-06-03 22:34:26 INFO  parcial.dao.DAO - Inicializando la base de datos.
2025-06-03 22:34:26 DEBUG parcial.dao.DAO - La tabla clientes ya existía, no se creará de nuevo.
2025-06-03 22:34:28 DEBUG parcial.dao.DAO - Obteniendo la lista de clientes...
2025-06-03 22:34:28 DEBUG parcial.dao.DAO - Lista de clientes obtenida.
2025-06-03 22:34:46 DEBUG parcial.dao.DAO - Obteniendo la lista de clientes...
2025-06-03 22:34:46 DEBUG parcial.dao.DAO - Lista de clientes obtenida.
2025-06-03 22:34:51 DEBUG parcial.dao.DAO - Obteniendo la lista de clientes...
2025-06-03 22:34:51 DEBUG parcial.dao.DAO - Lista de clientes obtenida.
2025-06-03 23:00:02 INFO  parcial.Main - Inicio del programa.
2025-06-03 23:00:03 INFO  parcial.dao.DAO - Inicializando la base de datos.
2025-06-03 23:00:03 DEBUG parcial.dao.DAO - La tabla clientes ya existía, no se creará de nuevo.
2025-06-03 23:00:03 DEBUG parcial.util.TUI - Iniciando interfaz de usuario...
2025-06-03 23:00:03 INFO  parcial.util.TUI - Interfaz de usuario iniciada.
2025-06-03 23:00:06 DEBUG parcial.dao.DAO - Obteniendo la lista de clientes...
2025-06-03 23:00:06 DEBUG parcial.dao.DAO - Lista de clientes obtenida.
2025-06-03 23:00:33 DEBUG parcial.dao.DAO - Agregando al cliente aaa con DNI 1.
2025-06-03 23:00:34 INFO  parcial.util.TUI - Cliente agregado: aaa con DNI 1
2025-06-03 23:00:36 DEBUG parcial.dao.DAO - Obteniendo la lista de clientes...
2025-06-03 23:00:36 DEBUG parcial.dao.DAO - Lista de clientes obtenida.
2025-06-03 23:02:06 INFO  parcial.Main - Inicio del programa.
2025-06-03 23:02:06 INFO  parcial.dao.DAO - Inicializando la base de datos.
2025-06-03 23:02:06 DEBUG parcial.dao.DAO - La tabla clientes ya existía, no se creará de nuevo.
2025-06-03 23:02:06 DEBUG parcial.util.TUI - Iniciando interfaz de usuario...
2025-06-03 23:02:07 INFO  parcial.util.TUI - Interfaz de usuario iniciada.
2025-06-03 23:02:12 DEBUG parcial.dao.DAO - Obteniendo la lista de clientes...
2025-06-03 23:02:12 DEBUG parcial.dao.DAO - Lista de clientes obtenida.
2025-06-03 23:03:17 INFO  parcial.Main - Inicio del programa.
2025-06-03 23:03:18 INFO  parcial.dao.DAO - Inicializando la base de datos.
2025-06-03 23:03:18 DEBUG parcial.dao.DAO - La tabla clientes ya existía, no se creará de nuevo.
2025-06-03 23:03:18 DEBUG parcial.util.TUI - Iniciando interfaz de usuario...
2025-06-03 23:03:18 INFO  parcial.util.TUI - Interfaz de usuario iniciada.
2025-06-03 23:03:20 DEBUG parcial.dao.DAO - Obteniendo la lista de clientes...
2025-06-03 23:03:20 DEBUG parcial.dao.DAO - Lista de clientes obtenida.
2025-06-03 23:05:19 INFO  parcial.Main - Inicio del programa.
2025-06-03 23:05:19 INFO  parcial.dao.DAO - Inicializando la base de datos.
2025-06-03 23:05:19 DEBUG parcial.dao.DAO - La tabla clientes ya existía, no se creará de nuevo.
2025-06-03 23:05:19 DEBUG parcial.util.TUI - Iniciando interfaz de usuario...
2025-06-03 23:05:19 INFO  parcial.util.TUI - Interfaz de usuario iniciada.
2025-06-03 23:05:21 DEBUG parcial.dao.DAO - Obteniendo la lista de clientes...
2025-06-03 23:05:21 DEBUG parcial.dao.DAO - Lista de clientes obtenida.
2025-06-03 23:05:23 DEBUG parcial.dao.DAO - Obteniendo la lista de clientes...
2025-06-03 23:05:23 DEBUG parcial.dao.DAO - Lista de clientes obtenida.
2025-06-03 23:05:33 DEBUG parcial.dao.DAO - Obteniendo la lista de clientes...
2025-06-03 23:05:33 DEBUG parcial.dao.DAO - Lista de clientes obtenida.
2025-06-03 23:06:43 DEBUG parcial.dao.DAO - Agregando al cliente juanito con DNI 1234.
2025-06-03 23:06:44 INFO  parcial.util.TUI - Cliente agregado: juanito con DNI 1234
2025-06-03 23:06:51 DEBUG parcial.dao.DAO - Agregando al cliente jaja con DNI 1234.
2025-06-03 23:06:51 ERROR parcial.dao.DAO - Error SQL: No se pudo agregar el cliente jaja con DNI 1234.
Violación de indice de Unicidad ó Clave primaria: "PRIMARY KEY ON PUBLIC.CLIENTES(DNI) ( /* key:1234 */ 1234, 'juanito')"
Unique index or primary key violation: "PRIMARY KEY ON PUBLIC.CLIENTES(DNI) ( /* key:1234 */ 1234, 'juanito')"; SQL statement:
INSERT INTO clientes (dni, nombre) VALUES (?, ?) [23505-232]
2025-06-03 23:07:17 DEBUG parcial.dao.DAO - Obteniendo la lista de clientes...
2025-06-03 23:07:17 DEBUG parcial.dao.DAO - Lista de clientes obtenida.
2025-06-03 23:13:25 INFO  parcial.Main - Inicio del programa.
2025-06-03 23:13:25 INFO  parcial.dao.DAO - Inicializando la base de datos.
2025-06-03 23:13:25 DEBUG parcial.dao.DAO - La tabla clientes ya existía, no se creará de nuevo.
2025-06-03 23:13:25 DEBUG parcial.util.TUI - Iniciando interfaz de usuario...
2025-06-03 23:13:25 INFO  parcial.util.TUI - Interfaz de usuario iniciada.
2025-06-03 23:13:26 DEBUG parcial.dao.DAO - Obteniendo la lista de clientes...
2025-06-03 23:13:26 DEBUG parcial.dao.DAO - Lista de clientes obtenida.
2025-06-03 23:13:28 DEBUG parcial.dao.DAO - Obteniendo la lista de clientes...
2025-06-03 23:13:28 DEBUG parcial.dao.DAO - Lista de clientes obtenida.
2025-06-03 23:13:59 INFO  parcial.Main - Inicio del programa.
2025-06-03 23:13:59 INFO  parcial.dao.DAO - Inicializando la base de datos.
2025-06-03 23:13:59 DEBUG parcial.dao.DAO - La tabla clientes ya existía, no se creará de nuevo.
2025-06-03 23:13:59 DEBUG parcial.util.TUI - Iniciando interfaz de usuario...
2025-06-03 23:13:59 INFO  parcial.util.TUI - Interfaz de usuario iniciada.
2025-06-03 23:14:01 DEBUG parcial.dao.DAO - Obteniendo la lista de clientes...
2025-06-03 23:14:01 DEBUG parcial.dao.DAO - Lista de clientes obtenida.
2025-06-03 23:17:43 INFO  parcial.Main - Inicio del programa.
2025-06-03 23:17:43 INFO  parcial.dao.DAO - Inicializando la base de datos.
2025-06-03 23:17:43 DEBUG parcial.dao.DAO - La tabla clientes ya existía, no se creará de nuevo.
2025-06-03 23:17:43 DEBUG parcial.util.TUI - Iniciando interfaz de usuario...
2025-06-03 23:17:43 INFO  parcial.util.TUI - Interfaz de usuario iniciada.
2025-06-03 23:17:44 DEBUG parcial.dao.DAO - Obteniendo la lista de clientes...
2025-06-03 23:17:44 DEBUG parcial.dao.DAO - Lista de clientes obtenida.
2025-06-03 23:17:46 DEBUG parcial.dao.DAO - Obteniendo la lista de clientes...
2025-06-03 23:17:46 DEBUG parcial.dao.DAO - Lista de clientes obtenida.
2025-06-03 23:17:49 DEBUG parcial.dao.DAO - Obteniendo la lista de clientes...
2025-06-03 23:17:49 DEBUG parcial.dao.DAO - Lista de clientes obtenida.
2025-06-03 23:21:06 INFO  parcial.Main - Inicio del programa.
2025-06-03 23:21:06 INFO  parcial.dao.DAO - Inicializando la base de datos.
2025-06-03 23:21:06 DEBUG parcial.dao.DAO - La tabla clientes ya existía, no se creará de nuevo.
2025-06-03 23:21:06 DEBUG parcial.util.TUI - Iniciando interfaz de usuario...
2025-06-03 23:21:06 INFO  parcial.util.TUI - Interfaz de usuario iniciada.
2025-06-03 23:21:07 DEBUG parcial.dao.DAO - Obteniendo la lista de clientes...
2025-06-03 23:21:07 DEBUG parcial.dao.DAO - Lista de clientes obtenida.
2025-06-03 23:21:18 DEBUG parcial.dao.DAO - Obteniendo la lista de clientes...
2025-06-03 23:21:18 DEBUG parcial.dao.DAO - Lista de clientes obtenida.
2025-06-03 23:21:25 DEBUG parcial.dao.DAO - Obteniendo la lista de clientes...
2025-06-03 23:21:25 DEBUG parcial.dao.DAO - Lista de clientes obtenida.
2025-06-03 23:21:54 INFO  parcial.Main - Inicio del programa.
2025-06-03 23:21:54 INFO  parcial.dao.DAO - Inicializando la base de datos.
2025-06-03 23:21:54 DEBUG parcial.dao.DAO - La tabla clientes ya existía, no se creará de nuevo.
2025-06-03 23:21:54 DEBUG parcial.util.TUI - Iniciando interfaz de usuario...
2025-06-03 23:21:54 INFO  parcial.util.TUI - Interfaz de usuario iniciada.
2025-06-03 23:21:58 DEBUG parcial.dao.DAO - Obteniendo la lista de clientes...
2025-06-03 23:21:58 DEBUG parcial.dao.DAO - Lista de clientes obtenida.
2025-06-03 23:22:00 DEBUG parcial.dao.DAO - Obteniendo la lista de clientes...
2025-06-03 23:22:00 DEBUG parcial.dao.DAO - Lista de clientes obtenida.
2025-06-03 23:22:02 DEBUG parcial.dao.DAO - Obteniendo la lista de clientes...
2025-06-03 23:22:02 DEBUG parcial.dao.DAO - Lista de clientes obtenida.
2025-06-03 23:29:30 INFO  parcial.Main - Inicio del programa.
2025-06-03 23:29:30 INFO  parcial.dao.DAO - Inicializando la base de datos.
2025-06-03 23:29:30 DEBUG parcial.dao.DAO - La tabla clientes ya existía, no se creará de nuevo.
2025-06-03 23:29:30 DEBUG parcial.util.TUI - Iniciando interfaz de usuario...
2025-06-03 23:29:30 INFO  parcial.util.TUI - Interfaz de usuario iniciada.
2025-06-03 23:29:35 DEBUG parcial.dao.DAO - Agregando al cliente a con DNI 1.
2025-06-03 23:29:35 ERROR parcial.dao.DAO - Error SQL: No se pudo agregar el cliente a con DNI 1.
Violación de indice de Unicidad ó Clave primaria: "PRIMARY KEY ON PUBLIC.CLIENTES(DNI) ( /* key:0 */ 1, 'aaa')"
Unique index or primary key violation: "PRIMARY KEY ON PUBLIC.CLIENTES(DNI) ( /* key:0 */ 1, 'aaa')"; SQL statement:
INSERT INTO clientes (dni, nombre) VALUES (?, ?) [23505-232]
2025-06-03 23:29:44 INFO  parcial.Main - Fin del programa.
2025-06-04 00:01:26 INFO  parcial.Main - Inicio del programa.
2025-06-04 00:01:27 INFO  parcial.dao.DAO - Inicializando la base de datos.
2025-06-04 00:01:27 DEBUG parcial.dao.DAO - La tabla clientes ya existía, no se creará de nuevo.
2025-06-04 00:01:27 DEBUG parcial.util.TUI - Iniciando interfaz de usuario...
2025-06-04 00:01:27 INFO  parcial.util.TUI - Interfaz de usuario iniciada.
2025-06-04 00:01:28 DEBUG parcial.dao.DAO - Obteniendo la lista de clientes...
2025-06-04 00:01:28 DEBUG parcial.dao.DAO - Lista de clientes obtenida.
2025-06-04 00:01:40 DEBUG parcial.dao.DAO - Obteniendo la lista de clientes...
2025-06-04 00:01:40 DEBUG parcial.dao.DAO - Lista de clientes obtenida.
2025-06-04 00:01:44 DEBUG parcial.dao.DAO - Obteniendo la lista de clientes...
2025-06-04 00:01:44 DEBUG parcial.dao.DAO - Lista de clientes obtenida.
2025-06-04 00:01:47 INFO  parcial.Main - Fin del programa.
2025-06-04 00:02:00 INFO  parcial.Main - Inicio del programa.
2025-06-04 00:02:00 INFO  parcial.dao.DAO - Inicializando la base de datos.
2025-06-04 00:02:00 DEBUG parcial.dao.DAO - La tabla clientes ya existía, no se creará de nuevo.
2025-06-04 00:02:00 DEBUG parcial.util.TUI - Iniciando interfaz de usuario...
2025-06-04 00:02:00 INFO  parcial.util.TUI - Interfaz de usuario iniciada.
2025-06-04 00:02:06 DEBUG parcial.dao.DAO - Agregando al cliente pepe con DNI 123.
2025-06-04 00:02:06 INFO  parcial.util.TUI - Cliente agregado: pepe con DNI 123
2025-06-04 00:02:12 DEBUG parcial.dao.DAO - Agregando al cliente jose con DNI 456.
2025-06-04 00:02:12 INFO  parcial.util.TUI - Cliente agregado: jose con DNI 456
2025-06-04 00:02:14 DEBUG parcial.dao.DAO - Obteniendo la lista de clientes...
2025-06-04 00:02:14 DEBUG parcial.dao.DAO - Lista de clientes obtenida.
2025-06-04 00:05:09 INFO  parcial.Main - Inicio del programa.
2025-06-04 00:05:10 INFO  parcial.dao.DAO - Inicializando la base de datos.
2025-06-04 00:05:10 DEBUG parcial.dao.DAO - La tabla clientes ya existía, no se creará de nuevo.
2025-06-04 00:05:10 DEBUG parcial.util.TUI - Iniciando interfaz de usuario...
2025-06-04 00:05:10 INFO  parcial.util.TUI - Interfaz de usuario iniciada.
2025-06-04 00:05:12 DEBUG parcial.dao.DAO - Obteniendo la lista de clientes...
2025-06-04 00:05:12 DEBUG parcial.dao.DAO - Lista de clientes obtenida.
2025-06-04 00:05:21 DEBUG parcial.dao.DAO - Obteniendo la lista de clientes...
2025-06-04 00:05:21 DEBUG parcial.dao.DAO - Lista de clientes obtenida.
2025-06-04 00:05:28 DEBUG parcial.dao.DAO - Obteniendo la lista de clientes...
2025-06-04 00:05:28 DEBUG parcial.dao.DAO - Lista de clientes obtenida.
2025-06-04 00:05:32 DEBUG parcial.dao.DAO - Obteniendo la lista de clientes...
2025-06-04 00:05:32 DEBUG parcial.dao.DAO - Lista de clientes obtenida.
2025-06-04 00:06:32 DEBUG parcial.dao.DAO - Agregando al cliente ramiro con DNI 789.
2025-06-04 00:06:33 INFO  parcial.util.TUI - Cliente agregado: ramiro con DNI 789
2025-06-04 00:06:37 DEBUG parcial.dao.DAO - Agregando al cliente a con DNI 4.
2025-06-04 00:06:38 INFO  parcial.util.TUI - Cliente agregado: a con DNI 4
2025-06-04 00:06:38 DEBUG parcial.dao.DAO - Obteniendo la lista de clientes...
2025-06-04 00:06:38 DEBUG parcial.dao.DAO - Lista de clientes obtenida.
2025-06-04 00:06:51 DEBUG parcial.dao.DAO - Obteniendo la lista de clientes...
2025-06-04 00:06:51 DEBUG parcial.dao.DAO - Lista de clientes obtenida.
2025-06-04 00:07:50 INFO  parcial.Main - Inicio del programa.
2025-06-04 00:07:50 INFO  parcial.dao.DAO - Inicializando la base de datos.
2025-06-04 00:07:50 DEBUG parcial.dao.DAO - La tabla clientes ya existía, no se creará de nuevo.
2025-06-04 00:07:50 DEBUG parcial.util.TUI - Iniciando interfaz de usuario...
2025-06-04 00:07:50 INFO  parcial.util.TUI - Interfaz de usuario iniciada.
2025-06-04 00:07:52 DEBUG parcial.dao.DAO - Obteniendo la lista de clientes...
2025-06-04 00:07:52 DEBUG parcial.dao.DAO - Lista de clientes obtenida.
2025-06-04 00:07:57 DEBUG parcial.dao.DAO - Obteniendo la lista de clientes...
2025-06-04 00:07:57 DEBUG parcial.dao.DAO - Lista de clientes obtenida.
2025-06-04 00:08:16 DEBUG parcial.dao.DAO - Obteniendo la lista de clientes...
2025-06-04 00:08:16 DEBUG parcial.dao.DAO - Lista de clientes obtenida.
2025-06-04 00:08:19 DEBUG parcial.dao.DAO - Obteniendo la lista de clientes...
2025-06-04 00:08:19 DEBUG parcial.dao.DAO - Lista de clientes obtenida.
2025-06-04 00:08:23 DEBUG parcial.dao.DAO - Obteniendo la lista de clientes...
2025-06-04 00:08:23 DEBUG parcial.dao.DAO - Lista de clientes obtenida.
2025-06-04 00:08:54 INFO  parcial.Main - Inicio del programa.
2025-06-04 00:08:54 INFO  parcial.dao.DAO - Inicializando la base de datos.
2025-06-04 00:08:54 DEBUG parcial.dao.DAO - La tabla clientes ya existía, no se creará de nuevo.
2025-06-04 00:08:54 DEBUG parcial.util.TUI - Iniciando interfaz de usuario...
2025-06-04 00:08:54 INFO  parcial.util.TUI - Interfaz de usuario iniciada.
2025-06-04 00:08:56 DEBUG parcial.dao.DAO - Obteniendo la lista de clientes...
2025-06-04 00:08:56 DEBUG parcial.dao.DAO - Lista de clientes obtenida.
2025-06-04 00:09:02 DEBUG parcial.dao.DAO - Obteniendo la lista de clientes...
2025-06-04 00:09:02 DEBUG parcial.dao.DAO - Lista de clientes obtenida.
2025-06-04 00:09:37 INFO  parcial.Main - Inicio del programa.
2025-06-04 00:09:37 INFO  parcial.dao.DAO - Inicializando la base de datos.
2025-06-04 00:09:37 DEBUG parcial.dao.DAO - La tabla clientes ya existía, no se creará de nuevo.
2025-06-04 00:09:37 DEBUG parcial.util.TUI - Iniciando interfaz de usuario...
2025-06-04 00:09:37 INFO  parcial.util.TUI - Interfaz de usuario iniciada.
2025-06-04 00:09:38 DEBUG parcial.dao.DAO - Obteniendo la lista de clientes...
2025-06-04 00:09:38 DEBUG parcial.dao.DAO - Lista de clientes obtenida.
2025-06-04 00:09:43 DEBUG parcial.dao.DAO - Obteniendo la lista de clientes...
2025-06-04 00:09:43 DEBUG parcial.dao.DAO - Lista de clientes obtenida.
2025-06-04 00:09:50 DEBUG parcial.dao.DAO - Obteniendo la lista de clientes...
2025-06-04 00:09:50 DEBUG parcial.dao.DAO - Lista de clientes obtenida.
2025-06-04 00:09:58 DEBUG parcial.dao.DAO - Obteniendo la lista de clientes...
2025-06-04 00:09:58 DEBUG parcial.dao.DAO - Lista de clientes obtenida.
2025-06-04 00:10:02 DEBUG parcial.dao.DAO - Obteniendo la lista de clientes...
2025-06-04 00:10:02 DEBUG parcial.dao.DAO - Lista de clientes obtenida.
2025-06-04 00:10:06 DEBUG parcial.dao.DAO - Obteniendo la lista de clientes...
2025-06-04 00:10:06 DEBUG parcial.dao.DAO - Lista de clientes obtenida.
2025-06-04 00:23:12 INFO  parcial.Main - Inicio del programa.
2025-06-04 00:23:12 INFO  parcial.dao.DAO - Inicializando la base de datos.
2025-06-04 00:23:12 DEBUG parcial.dao.DAO - La tabla clientes ya existía, no se creará de nuevo.
2025-06-04 00:23:12 DEBUG parcial.util.TUI - Iniciando interfaz de usuario...
2025-06-04 00:23:12 INFO  parcial.util.TUI - Interfaz de usuario iniciada.
2025-06-04 00:23:14 DEBUG parcial.dao.DAO - Obteniendo la lista de clientes...
2025-06-04 00:23:14 DEBUG parcial.dao.DAO - Lista de clientes obtenida.
2025-06-04 00:23:18 DEBUG parcial.dao.DAO - Obteniendo la lista de clientes...
2025-06-04 00:23:18 DEBUG parcial.dao.DAO - Lista de clientes obtenida.
2025-06-04 00:23:21 INFO  parcial.Main - Fin del programa.
2025-06-04 00:42:45 INFO  parcial.Main - Inicio del programa.
2025-06-04 00:42:45 INFO  parcial.dao.DAO - Inicializando la base de datos...
2025-06-04 00:43:09 INFO  parcial.Main - Inicio del programa.
2025-06-04 00:43:09 INFO  parcial.dao.DAO - Inicializando la base de datos...
2025-06-04 00:45:00 INFO  parcial.Main - Inicio del programa.
2025-06-04 00:45:00 ERROR parcial.util.DBConnection - Error con la base de datos: org.h2.jdbc.JdbcSQLNonTransientConnectionException: Nombre de base de datos Invalido: "/home/manu/Documentos/Obsidian/Vault/Estudios/Universidad/Programación/2/Java - Laboratorio (Prof. Naveda)/Parcial/"
Invalid database name: "/home/manu/Documentos/Obsidian/Vault/Estudios/Universidad/Programación/2/Java - Laboratorio (Prof. Naveda)/Parcial/" [90138-232]
2025-06-04 00:45:00 INFO  parcial.dao.DAO - Inicializando la base de datos...
2025-06-04 00:46:01 INFO  parcial.Main - Inicio del programa.
2025-06-04 00:46:02 INFO  parcial.dao.DAO - Inicializando la base de datos...
2025-06-04 00:46:02 DEBUG parcial.dao.DAO - La tabla clientes ya existe, no se creará de nuevo.
2025-06-04 00:46:02 DEBUG parcial.util.TUI - Iniciando interfaz de usuario...
2025-06-04 00:46:02 INFO  parcial.util.TUI - Interfaz de usuario iniciada.
2025-06-04 00:46:26 DEBUG parcial.dao.DAO - Agregando al cliente juanito con DNI 123456.
2025-06-04 00:46:26 INFO  parcial.util.TUI - Cliente agregado: juanito con DNI 123456
2025-06-04 00:46:27 DEBUG parcial.dao.DAO - Obteniendo la lista de clientes...
2025-06-04 00:46:28 DEBUG parcial.dao.DAO - Lista de clientes obtenida.
2025-06-04 00:46:39 DEBUG parcial.dao.DAO - Obteniendo la lista de clientes...
2025-06-04 00:46:39 DEBUG parcial.dao.DAO - Lista de clientes obtenida.
2025-06-04 00:46:41 DEBUG parcial.dao.DAO - Obteniendo la lista de clientes...
2025-06-04 00:46:41 DEBUG parcial.dao.DAO - Lista de clientes obtenida.
2025-06-04 00:46:56 INFO  parcial.Main - Fin del programa.
2025-06-04 01:02:35 INFO  parcial.Main - Inicio del programa.
2025-06-04 01:02:35 INFO  parcial.dao.DAO - Inicializando la base de datos...
2025-06-04 01:02:35 DEBUG parcial.dao.DAO - La tabla clientes ya existe, no se creará de nuevo.
2025-06-04 01:02:35 DEBUG parcial.util.TUI - Iniciando interfaz de usuario...
2025-06-04 01:02:35 INFO  parcial.util.TUI - Interfaz de usuario iniciada.
2025-06-04 01:02:41 DEBUG parcial.dao.DAO - Obteniendo la lista de clientes...
2025-06-04 01:02:41 DEBUG parcial.dao.DAO - Lista de clientes obtenida.
2025-06-04 01:05:46 INFO  parcial.Main - Inicio del programa.
2025-06-04 01:05:46 INFO  parcial.dao.DAO - Inicializando la base de datos...
2025-06-04 01:05:46 DEBUG parcial.dao.DAO - La tabla clientes ya existe, no se creará de nuevo.
2025-06-04 01:05:46 DEBUG parcial.util.TUI - Iniciando interfaz de usuario...
2025-06-04 01:05:46 INFO  parcial.util.TUI - Interfaz de usuario iniciada.
2025-06-04 01:09:11 DEBUG parcial.dao.DAO - Obteniendo la lista de clientes...
2025-06-04 01:09:11 DEBUG parcial.dao.DAO - Lista de clientes obtenida.
2025-06-04 01:09:21 DEBUG parcial.dao.DAO - Agregando al cliente Juanito con DNI 123.
2025-06-04 01:09:22 INFO  parcial.util.TUI - Cliente agregado: Juanito con DNI 123
2025-06-04 01:09:43 DEBUG parcial.dao.DAO - Agregando al cliente 1 con DNI 1.
2025-06-04 01:09:44 INFO  parcial.util.TUI - Cliente agregado: 1 con DNI 1
2025-06-04 01:09:45 DEBUG parcial.dao.DAO - Obteniendo la lista de clientes...
2025-06-04 01:09:45 DEBUG parcial.dao.DAO - Lista de clientes obtenida.
2025-06-04 01:15:08 INFO  parcial.Main - Inicio del programa.
2025-06-04 01:15:08 INFO  parcial.dao.DAO - Inicializando la base de datos...
2025-06-04 01:15:08 DEBUG parcial.dao.DAO - La tabla clientes ya existe, no se creará de nuevo.
2025-06-04 01:15:08 DEBUG parcial.util.TUI - Iniciando interfaz de usuario...
2025-06-04 01:15:08 INFO  parcial.util.TUI - Interfaz de usuario iniciada.
2025-06-04 01:15:20 DEBUG parcial.dao.DAO - Agregando al cliente á con DNI 123.
2025-06-04 01:15:20 ERROR parcial.dao.DAO - Error SQL: No se pudo agregar el cliente á con DNI 123.
Violación de indice de Unicidad ó Clave primaria: "PRIMARY KEY ON PUBLIC.CLIENTES(DNI) ( /* key:0 */ 123, 'Juanito')"
Unique index or primary key violation: "PRIMARY KEY ON PUBLIC.CLIENTES(DNI) ( /* key:0 */ 123, 'Juanito')"; SQL statement:
INSERT INTO clientes (dni, nombre) VALUES (?, ?) [23505-232]
2025-06-04 01:15:26 DEBUG parcial.dao.DAO - Agregando al cliente á con DNI 12344.
2025-06-04 01:15:27 INFO  parcial.util.TUI - Cliente agregado: á con DNI 12344
2025-06-04 01:15:31 INFO  parcial.Main - Fin del programa.
